CRITICAL - 2022-07-31 09:17:56 --> Cache unable to write to /var/www/html/1__codeigniter_dev/1__2022/cms/nodcms_v3-2-2c-main_github/writable/cache/.
in SYSTEMPATH/Cache/Handlers/FileHandler.php on line 61.
 1 SYSTEMPATH/Cache/Handlers/FileHandler.php(61): CodeIgniter\Cache\Exceptions\CacheException::forUnableToWrite()
 2 SYSTEMPATH/Cache/CacheFactory.php(60): CodeIgniter\Cache\Handlers\FileHandler->__construct()
 3 SYSTEMPATH/Config/Services.php(112): CodeIgniter\Cache\CacheFactory::getHandler()
 4 SYSTEMPATH/Config/BaseService.php(192): CodeIgniter\Config\Services::cache()
 5 SYSTEMPATH/Config/Services.php(107): CodeIgniter\Config\BaseService::getSharedInstance()
 6 SYSTEMPATH/Common.php(67): CodeIgniter\Config\Services::cache()
 7 SYSTEMPATH/CodeIgniter.php(651): cache()
 8 SYSTEMPATH/CodeIgniter.php(333): CodeIgniter\CodeIgniter->displayCache()
 9 FCPATH/index.php(86): CodeIgniter\CodeIgniter->run()
CRITICAL - 2022-07-31 09:19:16 --> Cache unable to write to /var/www/html/1__codeigniter_dev/1__2022/cms/nodcms_v3-2-2c-main_github/writable/cache/.
in SYSTEMPATH/Cache/Handlers/FileHandler.php on line 61.
 1 SYSTEMPATH/Cache/Handlers/FileHandler.php(61): CodeIgniter\Cache\Exceptions\CacheException::forUnableToWrite()
 2 SYSTEMPATH/Cache/CacheFactory.php(60): CodeIgniter\Cache\Handlers\FileHandler->__construct()
 3 SYSTEMPATH/Config/Services.php(112): CodeIgniter\Cache\CacheFactory::getHandler()
 4 SYSTEMPATH/Config/BaseService.php(192): CodeIgniter\Config\Services::cache()
 5 SYSTEMPATH/Config/Services.php(107): CodeIgniter\Config\BaseService::getSharedInstance()
 6 SYSTEMPATH/Common.php(67): CodeIgniter\Config\Services::cache()
 7 SYSTEMPATH/CodeIgniter.php(651): cache()
 8 SYSTEMPATH/CodeIgniter.php(333): CodeIgniter\CodeIgniter->displayCache()
 9 FCPATH/index.php(86): CodeIgniter\CodeIgniter->run()
CRITICAL - 2022-07-31 11:30:23 --> Trying to access array offset on value of type null
in APPPATH/Models/Users.php on line 161.
 1 APPPATH/Models/Users.php(161): CodeIgniter\Debug\Exceptions->errorHandler()
 2 ROOTPATH/nodcms-users/Controllers/Users.php(346): NodCMS\Core\Models\Users->loginMatch()
 3 SYSTEMPATH/CodeIgniter.php(898): NodCMS\Users\Controllers\Users->login()
 4 SYSTEMPATH/CodeIgniter.php(468): CodeIgniter\CodeIgniter->runController()
 5 SYSTEMPATH/CodeIgniter.php(351): CodeIgniter\CodeIgniter->handleRequest()
 6 FCPATH/index.php(86): CodeIgniter\CodeIgniter->run()
CRITICAL - 2022-07-31 11:30:26 --> Trying to access array offset on value of type null
in APPPATH/Models/Users.php on line 161.
 1 APPPATH/Models/Users.php(161): CodeIgniter\Debug\Exceptions->errorHandler()
 2 ROOTPATH/nodcms-users/Controllers/Users.php(346): NodCMS\Core\Models\Users->loginMatch()
 3 SYSTEMPATH/CodeIgniter.php(898): NodCMS\Users\Controllers\Users->login()
 4 SYSTEMPATH/CodeIgniter.php(468): CodeIgniter\CodeIgniter->runController()
 5 SYSTEMPATH/CodeIgniter.php(351): CodeIgniter\CodeIgniter->handleRequest()
 6 FCPATH/index.php(86): CodeIgniter\CodeIgniter->run()
