CRITICAL - 2022-06-15 11:15:29 --> Unable to connect to the database.
Main connection [MySQLi]: Unknown database 'v2022_nodcms_v3_2_2c_dev'
in SYSTEMPATH/Database/BaseConnection.php on line 415.
 1 SYSTEMPATH/Database/BaseConnection.php(585): CodeIgniter\Database\BaseConnection->initialize()
 2 SYSTEMPATH/Database/BaseBuilder.php(1585): CodeIgniter\Database\BaseConnection->query()
 3 APPPATH/Models/Model.php(251): CodeIgniter\Database\BaseBuilder->get()
 4 APPPATH/Models/Languages.php(65): NodCMS\Core\Models\Model->getOne()
 5 APPPATH/Filters/UrlLocale.php(49): NodCMS\Core\Models\Languages->getByCode()
 6 SYSTEMPATH/Filters/Filters.php(173): NodCMS\Core\Filters\UrlLocale->before()
 7 SYSTEMPATH/CodeIgniter.php(442): CodeIgniter\Filters\Filters->run()
 8 SYSTEMPATH/CodeIgniter.php(351): CodeIgniter\CodeIgniter->handleRequest()
 9 FCPATH/index.php(76): CodeIgniter\CodeIgniter->run()
CRITICAL - 2022-06-15 20:08:27 --> Undefined constant "NodCMS\Blog\BLOG_ADMIN_URL"
in ROOTPATH/nodcms-blog/Bootstrap.php on line 91.
 1 APPPATH/Modules/Modules.php(260): NodCMS\Blog\Bootstrap->backend()
 2 APPPATH/Controllers/Backend.php(59): NodCMS\Core\Modules\Modules->executeBackend()
 3 SYSTEMPATH/CodeIgniter.php(860): NodCMS\Core\Controllers\Backend->__construct()
 4 SYSTEMPATH/CodeIgniter.php(459): CodeIgniter\CodeIgniter->createController()
 5 SYSTEMPATH/CodeIgniter.php(351): CodeIgniter\CodeIgniter->handleRequest()
 6 FCPATH/index.php(76): CodeIgniter\CodeIgniter->run()
