CRITICAL - 2022-08-01 09:52:59 --> syntax error, unexpected token ";", expecting ")"
in ROOTPATH/nodcms-users/Controllers/Users.php on line 308.
 1 SYSTEMPATH/Autoloader/Autoloader.php(261): CodeIgniter\Autoloader\Autoloader->includeFile()
 2 SYSTEMPATH/Autoloader/Autoloader.php(239): CodeIgniter\Autoloader\Autoloader->loadInNamespace()
 3 [internal function]: CodeIgniter\Autoloader\Autoloader->loadClass()
 4 SYSTEMPATH/CodeIgniter.php(848): class_exists()
 5 SYSTEMPATH/CodeIgniter.php(455): CodeIgniter\CodeIgniter->startController()
 6 SYSTEMPATH/CodeIgniter.php(351): CodeIgniter\CodeIgniter->handleRequest()
 7 FCPATH/index.php(86): CodeIgniter\CodeIgniter->run()
CRITICAL - 2022-08-01 11:34:34 --> The action you requested is not allowed.
in SYSTEMPATH/Security/Security.php on line 286.
 1 SYSTEMPATH/Security/Security.php(286): CodeIgniter\Security\Exceptions\SecurityException::forDisallowedAction()
 2 SYSTEMPATH/Filters/CSRF.php(54): CodeIgniter\Security\Security->verify()
 3 SYSTEMPATH/Filters/Filters.php(173): CodeIgniter\Filters\CSRF->before()
 4 SYSTEMPATH/CodeIgniter.php(442): CodeIgniter\Filters\Filters->run()
 5 SYSTEMPATH/CodeIgniter.php(351): CodeIgniter\CodeIgniter->handleRequest()
 6 FCPATH/index.php(86): CodeIgniter\CodeIgniter->run()
CRITICAL - 2022-08-01 11:35:08 --> The action you requested is not allowed.
in SYSTEMPATH/Security/Security.php on line 286.
 1 SYSTEMPATH/Security/Security.php(286): CodeIgniter\Security\Exceptions\SecurityException::forDisallowedAction()
 2 SYSTEMPATH/Filters/CSRF.php(54): CodeIgniter\Security\Security->verify()
 3 SYSTEMPATH/Filters/Filters.php(173): CodeIgniter\Filters\CSRF->before()
 4 SYSTEMPATH/CodeIgniter.php(442): CodeIgniter\Filters\Filters->run()
 5 SYSTEMPATH/CodeIgniter.php(351): CodeIgniter\CodeIgniter->handleRequest()
 6 FCPATH/index.php(86): CodeIgniter\CodeIgniter->run()
CRITICAL - 2022-08-01 11:35:11 --> The action you requested is not allowed.
in SYSTEMPATH/Security/Security.php on line 286.
 1 SYSTEMPATH/Security/Security.php(286): CodeIgniter\Security\Exceptions\SecurityException::forDisallowedAction()
 2 SYSTEMPATH/Filters/CSRF.php(54): CodeIgniter\Security\Security->verify()
 3 SYSTEMPATH/Filters/Filters.php(173): CodeIgniter\Filters\CSRF->before()
 4 SYSTEMPATH/CodeIgniter.php(442): CodeIgniter\Filters\Filters->run()
 5 SYSTEMPATH/CodeIgniter.php(351): CodeIgniter\CodeIgniter->handleRequest()
 6 FCPATH/index.php(86): CodeIgniter\CodeIgniter->run()
CRITICAL - 2022-08-01 12:14:04 --> syntax error, unexpected token "public"
in APPPATH/Models/Users.php on line 112.
 1 SYSTEMPATH/Autoloader/Autoloader.php(261): CodeIgniter\Autoloader\Autoloader->includeFile()
 2 SYSTEMPATH/Autoloader/Autoloader.php(239): CodeIgniter\Autoloader\Autoloader->loadInNamespace()
 3 ROOTPATH/nodcms-installer/Controllers/Installer.php(578): CodeIgniter\Autoloader\Autoloader->loadClass()
 4 ROOTPATH/nodcms-installer/Controllers/Installer.php(235): NodCMS\Installer\Controllers\Installer->getTables()
 5 SYSTEMPATH/CodeIgniter.php(898): NodCMS\Installer\Controllers\Installer->database()
 6 SYSTEMPATH/CodeIgniter.php(468): CodeIgniter\CodeIgniter->runController()
 7 SYSTEMPATH/CodeIgniter.php(351): CodeIgniter\CodeIgniter->handleRequest()
 8 FCPATH/index.php(86): CodeIgniter\CodeIgniter->run()
CRITICAL - 2022-08-01 12:15:20 --> syntax error, unexpected token "public"
in APPPATH/Models/Users.php on line 112.
 1 SYSTEMPATH/Autoloader/Autoloader.php(261): CodeIgniter\Autoloader\Autoloader->includeFile()
 2 SYSTEMPATH/Autoloader/Autoloader.php(239): CodeIgniter\Autoloader\Autoloader->loadInNamespace()
 3 ROOTPATH/nodcms-installer/Controllers/Installer.php(578): CodeIgniter\Autoloader\Autoloader->loadClass()
 4 ROOTPATH/nodcms-installer/Controllers/Installer.php(235): NodCMS\Installer\Controllers\Installer->getTables()
 5 SYSTEMPATH/CodeIgniter.php(898): NodCMS\Installer\Controllers\Installer->database()
 6 SYSTEMPATH/CodeIgniter.php(468): CodeIgniter\CodeIgniter->runController()
 7 SYSTEMPATH/CodeIgniter.php(351): CodeIgniter\CodeIgniter->handleRequest()
 8 FCPATH/index.php(86): CodeIgniter\CodeIgniter->run()
CRITICAL - 2022-08-01 12:46:42 --> syntax error, unexpected token ","
in APPPATH/Models/Users.php on line 126.
 1 SYSTEMPATH/Autoloader/Autoloader.php(261): CodeIgniter\Autoloader\Autoloader->includeFile()
 2 SYSTEMPATH/Autoloader/Autoloader.php(239): CodeIgniter\Autoloader\Autoloader->loadInNamespace()
 3 APPPATH/Config/Models.php(253): CodeIgniter\Autoloader\Autoloader->loadClass()
 4 APPPATH/Config/Models.php(278): Config\Models::users()
 5 APPPATH/Config/Models.php(251): Config\Models::getSharedInstance()
 6 ROOTPATH/nodcms-users/Controllers/Users.php(347): Config\Models::users()
 7 SYSTEMPATH/CodeIgniter.php(898): NodCMS\Users\Controllers\Users->login()
 8 SYSTEMPATH/CodeIgniter.php(468): CodeIgniter\CodeIgniter->runController()
 9 SYSTEMPATH/CodeIgniter.php(351): CodeIgniter\CodeIgniter->handleRequest()
10 FCPATH/index.php(86): CodeIgniter\CodeIgniter->run()
CRITICAL - 2022-08-01 12:46:57 --> syntax error, unexpected token ","
in APPPATH/Models/Users.php on line 126.
 1 SYSTEMPATH/Autoloader/Autoloader.php(261): CodeIgniter\Autoloader\Autoloader->includeFile()
 2 SYSTEMPATH/Autoloader/Autoloader.php(239): CodeIgniter\Autoloader\Autoloader->loadInNamespace()
 3 APPPATH/Config/Models.php(253): CodeIgniter\Autoloader\Autoloader->loadClass()
 4 APPPATH/Config/Models.php(278): Config\Models::users()
 5 APPPATH/Config/Models.php(251): Config\Models::getSharedInstance()
 6 ROOTPATH/nodcms-users/Controllers/Users.php(347): Config\Models::users()
 7 SYSTEMPATH/CodeIgniter.php(898): NodCMS\Users\Controllers\Users->login()
 8 SYSTEMPATH/CodeIgniter.php(468): CodeIgniter\CodeIgniter->runController()
 9 SYSTEMPATH/CodeIgniter.php(351): CodeIgniter\CodeIgniter->handleRequest()
10 FCPATH/index.php(86): CodeIgniter\CodeIgniter->run()
CRITICAL - 2022-08-01 12:53:29 --> syntax error, unexpected token ","
in APPPATH/Models/Users.php on line 126.
 1 SYSTEMPATH/Autoloader/Autoloader.php(261): CodeIgniter\Autoloader\Autoloader->includeFile()
 2 SYSTEMPATH/Autoloader/Autoloader.php(239): CodeIgniter\Autoloader\Autoloader->loadInNamespace()
 3 APPPATH/Config/Models.php(253): CodeIgniter\Autoloader\Autoloader->loadClass()
 4 APPPATH/Config/Models.php(278): Config\Models::users()
 5 APPPATH/Config/Models.php(251): Config\Models::getSharedInstance()
 6 ROOTPATH/nodcms-users/Controllers/Users.php(347): Config\Models::users()
 7 SYSTEMPATH/CodeIgniter.php(898): NodCMS\Users\Controllers\Users->login()
 8 SYSTEMPATH/CodeIgniter.php(468): CodeIgniter\CodeIgniter->runController()
 9 SYSTEMPATH/CodeIgniter.php(351): CodeIgniter\CodeIgniter->handleRequest()
10 FCPATH/index.php(86): CodeIgniter\CodeIgniter->run()
CRITICAL - 2022-08-01 12:53:43 --> syntax error, unexpected token ","
in APPPATH/Models/Users.php on line 126.
 1 SYSTEMPATH/Autoloader/Autoloader.php(261): CodeIgniter\Autoloader\Autoloader->includeFile()
 2 SYSTEMPATH/Autoloader/Autoloader.php(239): CodeIgniter\Autoloader\Autoloader->loadInNamespace()
 3 APPPATH/Config/Models.php(253): CodeIgniter\Autoloader\Autoloader->loadClass()
 4 APPPATH/Config/Models.php(278): Config\Models::users()
 5 APPPATH/Config/Models.php(251): Config\Models::getSharedInstance()
 6 APPPATH/Controllers/General.php(28): Config\Models::users()
 7 SYSTEMPATH/CodeIgniter.php(898): NodCMS\Core\Controllers\General->index()
 8 SYSTEMPATH/CodeIgniter.php(468): CodeIgniter\CodeIgniter->runController()
 9 SYSTEMPATH/CodeIgniter.php(351): CodeIgniter\CodeIgniter->handleRequest()
10 FCPATH/index.php(86): CodeIgniter\CodeIgniter->run()
