CRITICAL - 2022-01-13 17:23:34 --> Unable to connect to the database.
Main connection [MySQLi]: Unknown database 'v2022_nodcms_portage_c1415_3215_prod'
#0 /var/www/html/1__codeigniter_dev/1__2022/cms/nodcms_v3-2-2c/vendor/codeigniter4/framework/system/Database/BaseConnection.php(577): CodeIgniter\Database\BaseConnection->initialize()
#1 /var/www/html/1__codeigniter_dev/1__2022/cms/nodcms_v3-2-2c/vendor/codeigniter4/framework/system/Database/BaseBuilder.php(1443): CodeIgniter\Database\BaseConnection->query()
#2 /var/www/html/1__codeigniter_dev/1__2022/cms/nodcms_v3-2-2c/nodcms-core/Models/Model.php(251): CodeIgniter\Database\BaseBuilder->get()
#3 /var/www/html/1__codeigniter_dev/1__2022/cms/nodcms_v3-2-2c/nodcms-core/Models/Languages.php(65): NodCMS\Core\Models\Model->getOne()
#4 /var/www/html/1__codeigniter_dev/1__2022/cms/nodcms_v3-2-2c/nodcms-core/Filters/UrlLocale.php(49): NodCMS\Core\Models\Languages->getByCode()
#5 /var/www/html/1__codeigniter_dev/1__2022/cms/nodcms_v3-2-2c/vendor/codeigniter4/framework/system/Filters/Filters.php(173): NodCMS\Core\Filters\UrlLocale->before()
#6 /var/www/html/1__codeigniter_dev/1__2022/cms/nodcms_v3-2-2c/vendor/codeigniter4/framework/system/CodeIgniter.php(384): CodeIgniter\Filters\Filters->run()
#7 /var/www/html/1__codeigniter_dev/1__2022/cms/nodcms_v3-2-2c/vendor/codeigniter4/framework/system/CodeIgniter.php(318): CodeIgniter\CodeIgniter->handleRequest()
#8 /var/www/html/1__codeigniter_dev/1__2022/cms/nodcms_v3-2-2c/public/index.php(84): CodeIgniter\CodeIgniter->run()
#9 {main}
CRITICAL - 2022-01-13 17:25:00 --> Unable to connect to the database.
Main connection [MySQLi]: Unknown database 'v2022_nodcms_3-2-2c'
#0 /var/www/html/1__codeigniter_dev/1__2022/cms/nodcms_v3-2-2c/vendor/codeigniter4/framework/system/Database/BaseConnection.php(577): CodeIgniter\Database\BaseConnection->initialize()
#1 /var/www/html/1__codeigniter_dev/1__2022/cms/nodcms_v3-2-2c/vendor/codeigniter4/framework/system/Database/BaseBuilder.php(1443): CodeIgniter\Database\BaseConnection->query()
#2 /var/www/html/1__codeigniter_dev/1__2022/cms/nodcms_v3-2-2c/nodcms-core/Models/Model.php(251): CodeIgniter\Database\BaseBuilder->get()
#3 /var/www/html/1__codeigniter_dev/1__2022/cms/nodcms_v3-2-2c/nodcms-core/Models/Languages.php(65): NodCMS\Core\Models\Model->getOne()
#4 /var/www/html/1__codeigniter_dev/1__2022/cms/nodcms_v3-2-2c/nodcms-core/Filters/UrlLocale.php(49): NodCMS\Core\Models\Languages->getByCode()
#5 /var/www/html/1__codeigniter_dev/1__2022/cms/nodcms_v3-2-2c/vendor/codeigniter4/framework/system/Filters/Filters.php(173): NodCMS\Core\Filters\UrlLocale->before()
#6 /var/www/html/1__codeigniter_dev/1__2022/cms/nodcms_v3-2-2c/vendor/codeigniter4/framework/system/CodeIgniter.php(384): CodeIgniter\Filters\Filters->run()
#7 /var/www/html/1__codeigniter_dev/1__2022/cms/nodcms_v3-2-2c/vendor/codeigniter4/framework/system/CodeIgniter.php(318): CodeIgniter\CodeIgniter->handleRequest()
#8 /var/www/html/1__codeigniter_dev/1__2022/cms/nodcms_v3-2-2c/public/index.php(84): CodeIgniter\CodeIgniter->run()
#9 {main}
CRITICAL - 2022-01-13 17:25:01 --> Unable to connect to the database.
Main connection [MySQLi]: Unknown database 'v2022_nodcms_3-2-2c'
#0 /var/www/html/1__codeigniter_dev/1__2022/cms/nodcms_v3-2-2c/vendor/codeigniter4/framework/system/Database/BaseConnection.php(577): CodeIgniter\Database\BaseConnection->initialize()
#1 /var/www/html/1__codeigniter_dev/1__2022/cms/nodcms_v3-2-2c/vendor/codeigniter4/framework/system/Database/BaseBuilder.php(1443): CodeIgniter\Database\BaseConnection->query()
#2 /var/www/html/1__codeigniter_dev/1__2022/cms/nodcms_v3-2-2c/nodcms-core/Models/Model.php(251): CodeIgniter\Database\BaseBuilder->get()
#3 /var/www/html/1__codeigniter_dev/1__2022/cms/nodcms_v3-2-2c/nodcms-core/Models/Languages.php(65): NodCMS\Core\Models\Model->getOne()
#4 /var/www/html/1__codeigniter_dev/1__2022/cms/nodcms_v3-2-2c/nodcms-core/Filters/UrlLocale.php(49): NodCMS\Core\Models\Languages->getByCode()
#5 /var/www/html/1__codeigniter_dev/1__2022/cms/nodcms_v3-2-2c/vendor/codeigniter4/framework/system/Filters/Filters.php(173): NodCMS\Core\Filters\UrlLocale->before()
#6 /var/www/html/1__codeigniter_dev/1__2022/cms/nodcms_v3-2-2c/vendor/codeigniter4/framework/system/CodeIgniter.php(384): CodeIgniter\Filters\Filters->run()
#7 /var/www/html/1__codeigniter_dev/1__2022/cms/nodcms_v3-2-2c/vendor/codeigniter4/framework/system/CodeIgniter.php(318): CodeIgniter\CodeIgniter->handleRequest()
#8 /var/www/html/1__codeigniter_dev/1__2022/cms/nodcms_v3-2-2c/public/index.php(84): CodeIgniter\CodeIgniter->run()
#9 {main}
CRITICAL - 2022-01-13 17:26:22 --> Unable to connect to the database.
Main connection [MySQLi]: Unknown database 'v2022_nodcms_v3-2-2c'
#0 /var/www/html/1__codeigniter_dev/1__2022/cms/nodcms_v3-2-2c/vendor/codeigniter4/framework/system/Database/BaseConnection.php(577): CodeIgniter\Database\BaseConnection->initialize()
#1 /var/www/html/1__codeigniter_dev/1__2022/cms/nodcms_v3-2-2c/vendor/codeigniter4/framework/system/Database/BaseBuilder.php(1443): CodeIgniter\Database\BaseConnection->query()
#2 /var/www/html/1__codeigniter_dev/1__2022/cms/nodcms_v3-2-2c/nodcms-core/Models/Model.php(251): CodeIgniter\Database\BaseBuilder->get()
#3 /var/www/html/1__codeigniter_dev/1__2022/cms/nodcms_v3-2-2c/nodcms-core/Models/Languages.php(65): NodCMS\Core\Models\Model->getOne()
#4 /var/www/html/1__codeigniter_dev/1__2022/cms/nodcms_v3-2-2c/nodcms-core/Filters/UrlLocale.php(49): NodCMS\Core\Models\Languages->getByCode()
#5 /var/www/html/1__codeigniter_dev/1__2022/cms/nodcms_v3-2-2c/vendor/codeigniter4/framework/system/Filters/Filters.php(173): NodCMS\Core\Filters\UrlLocale->before()
#6 /var/www/html/1__codeigniter_dev/1__2022/cms/nodcms_v3-2-2c/vendor/codeigniter4/framework/system/CodeIgniter.php(384): CodeIgniter\Filters\Filters->run()
#7 /var/www/html/1__codeigniter_dev/1__2022/cms/nodcms_v3-2-2c/vendor/codeigniter4/framework/system/CodeIgniter.php(318): CodeIgniter\CodeIgniter->handleRequest()
#8 /var/www/html/1__codeigniter_dev/1__2022/cms/nodcms_v3-2-2c/public/index.php(84): CodeIgniter\CodeIgniter->run()
#9 {main}
CRITICAL - 2022-01-13 17:26:24 --> Unable to connect to the database.
Main connection [MySQLi]: Unknown database 'v2022_nodcms_v3-2-2c'
#0 /var/www/html/1__codeigniter_dev/1__2022/cms/nodcms_v3-2-2c/vendor/codeigniter4/framework/system/Database/BaseConnection.php(577): CodeIgniter\Database\BaseConnection->initialize()
#1 /var/www/html/1__codeigniter_dev/1__2022/cms/nodcms_v3-2-2c/vendor/codeigniter4/framework/system/Database/BaseBuilder.php(1443): CodeIgniter\Database\BaseConnection->query()
#2 /var/www/html/1__codeigniter_dev/1__2022/cms/nodcms_v3-2-2c/nodcms-core/Models/Model.php(251): CodeIgniter\Database\BaseBuilder->get()
#3 /var/www/html/1__codeigniter_dev/1__2022/cms/nodcms_v3-2-2c/nodcms-core/Models/Languages.php(65): NodCMS\Core\Models\Model->getOne()
#4 /var/www/html/1__codeigniter_dev/1__2022/cms/nodcms_v3-2-2c/nodcms-core/Filters/UrlLocale.php(49): NodCMS\Core\Models\Languages->getByCode()
#5 /var/www/html/1__codeigniter_dev/1__2022/cms/nodcms_v3-2-2c/vendor/codeigniter4/framework/system/Filters/Filters.php(173): NodCMS\Core\Filters\UrlLocale->before()
#6 /var/www/html/1__codeigniter_dev/1__2022/cms/nodcms_v3-2-2c/vendor/codeigniter4/framework/system/CodeIgniter.php(384): CodeIgniter\Filters\Filters->run()
#7 /var/www/html/1__codeigniter_dev/1__2022/cms/nodcms_v3-2-2c/vendor/codeigniter4/framework/system/CodeIgniter.php(318): CodeIgniter\CodeIgniter->handleRequest()
#8 /var/www/html/1__codeigniter_dev/1__2022/cms/nodcms_v3-2-2c/public/index.php(84): CodeIgniter\CodeIgniter->run()
#9 {main}
CRITICAL - 2022-01-13 17:26:46 --> Unable to connect to the database.
Main connection [MySQLi]: Unknown database 'v2022_nodcms_v3-2-2c'
#0 /var/www/html/1__codeigniter_dev/1__2022/cms/nodcms_v3-2-2c/vendor/codeigniter4/framework/system/Database/BaseConnection.php(577): CodeIgniter\Database\BaseConnection->initialize()
#1 /var/www/html/1__codeigniter_dev/1__2022/cms/nodcms_v3-2-2c/vendor/codeigniter4/framework/system/Database/BaseBuilder.php(1443): CodeIgniter\Database\BaseConnection->query()
#2 /var/www/html/1__codeigniter_dev/1__2022/cms/nodcms_v3-2-2c/nodcms-core/Models/Model.php(251): CodeIgniter\Database\BaseBuilder->get()
#3 /var/www/html/1__codeigniter_dev/1__2022/cms/nodcms_v3-2-2c/nodcms-core/Models/Languages.php(65): NodCMS\Core\Models\Model->getOne()
#4 /var/www/html/1__codeigniter_dev/1__2022/cms/nodcms_v3-2-2c/nodcms-core/Filters/UrlLocale.php(49): NodCMS\Core\Models\Languages->getByCode()
#5 /var/www/html/1__codeigniter_dev/1__2022/cms/nodcms_v3-2-2c/vendor/codeigniter4/framework/system/Filters/Filters.php(173): NodCMS\Core\Filters\UrlLocale->before()
#6 /var/www/html/1__codeigniter_dev/1__2022/cms/nodcms_v3-2-2c/vendor/codeigniter4/framework/system/CodeIgniter.php(384): CodeIgniter\Filters\Filters->run()
#7 /var/www/html/1__codeigniter_dev/1__2022/cms/nodcms_v3-2-2c/vendor/codeigniter4/framework/system/CodeIgniter.php(318): CodeIgniter\CodeIgniter->handleRequest()
#8 /var/www/html/1__codeigniter_dev/1__2022/cms/nodcms_v3-2-2c/public/index.php(84): CodeIgniter\CodeIgniter->run()
#9 {main}
CRITICAL - 2022-01-13 17:51:20 --> Unable to connect to the database.
Main connection [MySQLi]: Unknown database 'v2022_nodcms_v3-2-2c'
#0 /var/www/html/1__codeigniter_dev/1__2022/cms/nodcms_v3-2-2c/vendor/codeigniter4/framework/system/Database/BaseConnection.php(577): CodeIgniter\Database\BaseConnection->initialize()
#1 /var/www/html/1__codeigniter_dev/1__2022/cms/nodcms_v3-2-2c/vendor/codeigniter4/framework/system/Database/BaseBuilder.php(1443): CodeIgniter\Database\BaseConnection->query()
#2 /var/www/html/1__codeigniter_dev/1__2022/cms/nodcms_v3-2-2c/nodcms-core/Models/Model.php(251): CodeIgniter\Database\BaseBuilder->get()
#3 /var/www/html/1__codeigniter_dev/1__2022/cms/nodcms_v3-2-2c/nodcms-core/Models/Languages.php(65): NodCMS\Core\Models\Model->getOne()
#4 /var/www/html/1__codeigniter_dev/1__2022/cms/nodcms_v3-2-2c/nodcms-core/Filters/UrlLocale.php(49): NodCMS\Core\Models\Languages->getByCode()
#5 /var/www/html/1__codeigniter_dev/1__2022/cms/nodcms_v3-2-2c/vendor/codeigniter4/framework/system/Filters/Filters.php(173): NodCMS\Core\Filters\UrlLocale->before()
#6 /var/www/html/1__codeigniter_dev/1__2022/cms/nodcms_v3-2-2c/vendor/codeigniter4/framework/system/CodeIgniter.php(384): CodeIgniter\Filters\Filters->run()
#7 /var/www/html/1__codeigniter_dev/1__2022/cms/nodcms_v3-2-2c/vendor/codeigniter4/framework/system/CodeIgniter.php(318): CodeIgniter\CodeIgniter->handleRequest()
#8 /var/www/html/1__codeigniter_dev/1__2022/cms/nodcms_v3-2-2c/public/index.php(84): CodeIgniter\CodeIgniter->run()
#9 {main}
CRITICAL - 2022-01-13 17:54:22 --> Unable to connect to the database.
Main connection [MySQLi]: Unknown database 'v2022_nodcms_v3-2-2c'
#0 /var/www/html/1__codeigniter_dev/1__2022/cms/nodcms_v3-2-2c/vendor/codeigniter4/framework/system/Database/BaseConnection.php(577): CodeIgniter\Database\BaseConnection->initialize()
#1 /var/www/html/1__codeigniter_dev/1__2022/cms/nodcms_v3-2-2c/vendor/codeigniter4/framework/system/Database/BaseBuilder.php(1443): CodeIgniter\Database\BaseConnection->query()
#2 /var/www/html/1__codeigniter_dev/1__2022/cms/nodcms_v3-2-2c/nodcms-core/Models/Model.php(251): CodeIgniter\Database\BaseBuilder->get()
#3 /var/www/html/1__codeigniter_dev/1__2022/cms/nodcms_v3-2-2c/nodcms-core/Models/Languages.php(65): NodCMS\Core\Models\Model->getOne()
#4 /var/www/html/1__codeigniter_dev/1__2022/cms/nodcms_v3-2-2c/nodcms-core/Filters/UrlLocale.php(49): NodCMS\Core\Models\Languages->getByCode()
#5 /var/www/html/1__codeigniter_dev/1__2022/cms/nodcms_v3-2-2c/vendor/codeigniter4/framework/system/Filters/Filters.php(173): NodCMS\Core\Filters\UrlLocale->before()
#6 /var/www/html/1__codeigniter_dev/1__2022/cms/nodcms_v3-2-2c/vendor/codeigniter4/framework/system/CodeIgniter.php(384): CodeIgniter\Filters\Filters->run()
#7 /var/www/html/1__codeigniter_dev/1__2022/cms/nodcms_v3-2-2c/vendor/codeigniter4/framework/system/CodeIgniter.php(318): CodeIgniter\CodeIgniter->handleRequest()
#8 /var/www/html/1__codeigniter_dev/1__2022/cms/nodcms_v3-2-2c/public/index.php(84): CodeIgniter\CodeIgniter->run()
#9 {main}
CRITICAL - 2022-01-13 17:54:24 --> Unable to connect to the database.
Main connection [MySQLi]: Unknown database 'v2022_nodcms_v3-2-2c'
#0 /var/www/html/1__codeigniter_dev/1__2022/cms/nodcms_v3-2-2c/vendor/codeigniter4/framework/system/Database/BaseConnection.php(577): CodeIgniter\Database\BaseConnection->initialize()
#1 /var/www/html/1__codeigniter_dev/1__2022/cms/nodcms_v3-2-2c/vendor/codeigniter4/framework/system/Database/BaseBuilder.php(1443): CodeIgniter\Database\BaseConnection->query()
#2 /var/www/html/1__codeigniter_dev/1__2022/cms/nodcms_v3-2-2c/nodcms-core/Models/Model.php(251): CodeIgniter\Database\BaseBuilder->get()
#3 /var/www/html/1__codeigniter_dev/1__2022/cms/nodcms_v3-2-2c/nodcms-core/Models/Languages.php(65): NodCMS\Core\Models\Model->getOne()
#4 /var/www/html/1__codeigniter_dev/1__2022/cms/nodcms_v3-2-2c/nodcms-core/Filters/UrlLocale.php(49): NodCMS\Core\Models\Languages->getByCode()
#5 /var/www/html/1__codeigniter_dev/1__2022/cms/nodcms_v3-2-2c/vendor/codeigniter4/framework/system/Filters/Filters.php(173): NodCMS\Core\Filters\UrlLocale->before()
#6 /var/www/html/1__codeigniter_dev/1__2022/cms/nodcms_v3-2-2c/vendor/codeigniter4/framework/system/CodeIgniter.php(384): CodeIgniter\Filters\Filters->run()
#7 /var/www/html/1__codeigniter_dev/1__2022/cms/nodcms_v3-2-2c/vendor/codeigniter4/framework/system/CodeIgniter.php(318): CodeIgniter\CodeIgniter->handleRequest()
#8 /var/www/html/1__codeigniter_dev/1__2022/cms/nodcms_v3-2-2c/public/index.php(84): CodeIgniter\CodeIgniter->run()
#9 {main}
CRITICAL - 2022-01-13 18:31:11 --> Unable to connect to the database.
Main connection [MySQLi]: Unknown database 'v2022_nodcms_v3-2-2c'
#0 /var/www/html/1__codeigniter_dev/1__2022/cms/nodcms_v3-2-2c/vendor/codeigniter4/framework/system/Database/BaseConnection.php(577): CodeIgniter\Database\BaseConnection->initialize()
#1 /var/www/html/1__codeigniter_dev/1__2022/cms/nodcms_v3-2-2c/vendor/codeigniter4/framework/system/Database/BaseBuilder.php(1443): CodeIgniter\Database\BaseConnection->query()
#2 /var/www/html/1__codeigniter_dev/1__2022/cms/nodcms_v3-2-2c/nodcms-core/Models/Model.php(251): CodeIgniter\Database\BaseBuilder->get()
#3 /var/www/html/1__codeigniter_dev/1__2022/cms/nodcms_v3-2-2c/nodcms-core/Models/Languages.php(65): NodCMS\Core\Models\Model->getOne()
#4 /var/www/html/1__codeigniter_dev/1__2022/cms/nodcms_v3-2-2c/nodcms-core/Filters/UrlLocale.php(49): NodCMS\Core\Models\Languages->getByCode()
#5 /var/www/html/1__codeigniter_dev/1__2022/cms/nodcms_v3-2-2c/vendor/codeigniter4/framework/system/Filters/Filters.php(173): NodCMS\Core\Filters\UrlLocale->before()
#6 /var/www/html/1__codeigniter_dev/1__2022/cms/nodcms_v3-2-2c/vendor/codeigniter4/framework/system/CodeIgniter.php(384): CodeIgniter\Filters\Filters->run()
#7 /var/www/html/1__codeigniter_dev/1__2022/cms/nodcms_v3-2-2c/vendor/codeigniter4/framework/system/CodeIgniter.php(318): CodeIgniter\CodeIgniter->handleRequest()
#8 /var/www/html/1__codeigniter_dev/1__2022/cms/nodcms_v3-2-2c/public/index.php(84): CodeIgniter\CodeIgniter->run()
#9 {main}
CRITICAL - 2022-01-13 18:44:29 --> Unable to connect to the database.
Main connection [MySQLi]: Unknown database 'v2022_nodcms_v3-2-2c'
#0 /var/www/html/1__codeigniter_dev/1__2022/cms/nodcms_v3-2-2c/vendor/codeigniter4/framework/system/Database/BaseConnection.php(577): CodeIgniter\Database\BaseConnection->initialize()
#1 /var/www/html/1__codeigniter_dev/1__2022/cms/nodcms_v3-2-2c/vendor/codeigniter4/framework/system/Database/BaseBuilder.php(1443): CodeIgniter\Database\BaseConnection->query()
#2 /var/www/html/1__codeigniter_dev/1__2022/cms/nodcms_v3-2-2c/nodcms-core/Models/Model.php(251): CodeIgniter\Database\BaseBuilder->get()
#3 /var/www/html/1__codeigniter_dev/1__2022/cms/nodcms_v3-2-2c/nodcms-core/Models/Languages.php(65): NodCMS\Core\Models\Model->getOne()
#4 /var/www/html/1__codeigniter_dev/1__2022/cms/nodcms_v3-2-2c/nodcms-core/Filters/UrlLocale.php(49): NodCMS\Core\Models\Languages->getByCode()
#5 /var/www/html/1__codeigniter_dev/1__2022/cms/nodcms_v3-2-2c/vendor/codeigniter4/framework/system/Filters/Filters.php(173): NodCMS\Core\Filters\UrlLocale->before()
#6 /var/www/html/1__codeigniter_dev/1__2022/cms/nodcms_v3-2-2c/vendor/codeigniter4/framework/system/CodeIgniter.php(384): CodeIgniter\Filters\Filters->run()
#7 /var/www/html/1__codeigniter_dev/1__2022/cms/nodcms_v3-2-2c/vendor/codeigniter4/framework/system/CodeIgniter.php(318): CodeIgniter\CodeIgniter->handleRequest()
#8 /var/www/html/1__codeigniter_dev/1__2022/cms/nodcms_v3-2-2c/public/index.php(84): CodeIgniter\CodeIgniter->run()
#9 {main}
CRITICAL - 2022-01-13 18:46:53 --> Unknown column 'auth' in 'where clause'
#0 /var/www/html/1__codeigniter_dev/1__2022/cms/nodcms_v3-2-2c/vendor/codeigniter4/framework/system/Database/MySQLi/Connection.php(292): mysqli->query()
#1 /var/www/html/1__codeigniter_dev/1__2022/cms/nodcms_v3-2-2c/vendor/codeigniter4/framework/system/Database/BaseConnection.php(670): CodeIgniter\Database\MySQLi\Connection->execute()
#2 /var/www/html/1__codeigniter_dev/1__2022/cms/nodcms_v3-2-2c/vendor/codeigniter4/framework/system/Database/BaseConnection.php(598): CodeIgniter\Database\BaseConnection->simpleQuery()
#3 /var/www/html/1__codeigniter_dev/1__2022/cms/nodcms_v3-2-2c/vendor/codeigniter4/framework/system/Database/BaseBuilder.php(1443): CodeIgniter\Database\BaseConnection->query()
#4 /var/www/html/1__codeigniter_dev/1__2022/cms/nodcms_v3-2-2c/nodcms-core/Models/Model.php(251): CodeIgniter\Database\BaseBuilder->get()
#5 /var/www/html/1__codeigniter_dev/1__2022/cms/nodcms_v3-2-2c/nodcms-core/Models/Users.php(151): NodCMS\Core\Models\Model->getOne()
#6 /var/www/html/1__codeigniter_dev/1__2022/cms/nodcms_v3-2-2c/nodcms-users/Controllers/Users.php(346): NodCMS\Core\Models\Users->loginMatch()
#7 /var/www/html/1__codeigniter_dev/1__2022/cms/nodcms_v3-2-2c/vendor/codeigniter4/framework/system/CodeIgniter.php(824): NodCMS\Users\Controllers\Users->login()
#8 /var/www/html/1__codeigniter_dev/1__2022/cms/nodcms_v3-2-2c/vendor/codeigniter4/framework/system/CodeIgniter.php(410): CodeIgniter\CodeIgniter->runController()
#9 /var/www/html/1__codeigniter_dev/1__2022/cms/nodcms_v3-2-2c/vendor/codeigniter4/framework/system/CodeIgniter.php(318): CodeIgniter\CodeIgniter->handleRequest()
#10 /var/www/html/1__codeigniter_dev/1__2022/cms/nodcms_v3-2-2c/public/index.php(84): CodeIgniter\CodeIgniter->run()
#11 {main}
CRITICAL - 2022-01-13 18:47:12 --> Unknown column 'auth' in 'where clause'
#0 /var/www/html/1__codeigniter_dev/1__2022/cms/nodcms_v3-2-2c/vendor/codeigniter4/framework/system/Database/MySQLi/Connection.php(292): mysqli->query()
#1 /var/www/html/1__codeigniter_dev/1__2022/cms/nodcms_v3-2-2c/vendor/codeigniter4/framework/system/Database/BaseConnection.php(670): CodeIgniter\Database\MySQLi\Connection->execute()
#2 /var/www/html/1__codeigniter_dev/1__2022/cms/nodcms_v3-2-2c/vendor/codeigniter4/framework/system/Database/BaseConnection.php(598): CodeIgniter\Database\BaseConnection->simpleQuery()
#3 /var/www/html/1__codeigniter_dev/1__2022/cms/nodcms_v3-2-2c/vendor/codeigniter4/framework/system/Database/BaseBuilder.php(1443): CodeIgniter\Database\BaseConnection->query()
#4 /var/www/html/1__codeigniter_dev/1__2022/cms/nodcms_v3-2-2c/nodcms-core/Models/Model.php(251): CodeIgniter\Database\BaseBuilder->get()
#5 /var/www/html/1__codeigniter_dev/1__2022/cms/nodcms_v3-2-2c/nodcms-core/Models/Users.php(151): NodCMS\Core\Models\Model->getOne()
#6 /var/www/html/1__codeigniter_dev/1__2022/cms/nodcms_v3-2-2c/nodcms-users/Controllers/Users.php(346): NodCMS\Core\Models\Users->loginMatch()
#7 /var/www/html/1__codeigniter_dev/1__2022/cms/nodcms_v3-2-2c/vendor/codeigniter4/framework/system/CodeIgniter.php(824): NodCMS\Users\Controllers\Users->login()
#8 /var/www/html/1__codeigniter_dev/1__2022/cms/nodcms_v3-2-2c/vendor/codeigniter4/framework/system/CodeIgniter.php(410): CodeIgniter\CodeIgniter->runController()
#9 /var/www/html/1__codeigniter_dev/1__2022/cms/nodcms_v3-2-2c/vendor/codeigniter4/framework/system/CodeIgniter.php(318): CodeIgniter\CodeIgniter->handleRequest()
#10 /var/www/html/1__codeigniter_dev/1__2022/cms/nodcms_v3-2-2c/public/index.php(84): CodeIgniter\CodeIgniter->run()
#11 {main}
CRITICAL - 2022-01-13 18:47:28 --> Unknown column 'auth' in 'where clause'
#0 /var/www/html/1__codeigniter_dev/1__2022/cms/nodcms_v3-2-2c/vendor/codeigniter4/framework/system/Database/MySQLi/Connection.php(292): mysqli->query()
#1 /var/www/html/1__codeigniter_dev/1__2022/cms/nodcms_v3-2-2c/vendor/codeigniter4/framework/system/Database/BaseConnection.php(670): CodeIgniter\Database\MySQLi\Connection->execute()
#2 /var/www/html/1__codeigniter_dev/1__2022/cms/nodcms_v3-2-2c/vendor/codeigniter4/framework/system/Database/BaseConnection.php(598): CodeIgniter\Database\BaseConnection->simpleQuery()
#3 /var/www/html/1__codeigniter_dev/1__2022/cms/nodcms_v3-2-2c/vendor/codeigniter4/framework/system/Database/BaseBuilder.php(1443): CodeIgniter\Database\BaseConnection->query()
#4 /var/www/html/1__codeigniter_dev/1__2022/cms/nodcms_v3-2-2c/nodcms-core/Models/Model.php(251): CodeIgniter\Database\BaseBuilder->get()
#5 /var/www/html/1__codeigniter_dev/1__2022/cms/nodcms_v3-2-2c/nodcms-core/Models/Users.php(151): NodCMS\Core\Models\Model->getOne()
#6 /var/www/html/1__codeigniter_dev/1__2022/cms/nodcms_v3-2-2c/nodcms-users/Controllers/Users.php(346): NodCMS\Core\Models\Users->loginMatch()
#7 /var/www/html/1__codeigniter_dev/1__2022/cms/nodcms_v3-2-2c/vendor/codeigniter4/framework/system/CodeIgniter.php(824): NodCMS\Users\Controllers\Users->login()
#8 /var/www/html/1__codeigniter_dev/1__2022/cms/nodcms_v3-2-2c/vendor/codeigniter4/framework/system/CodeIgniter.php(410): CodeIgniter\CodeIgniter->runController()
#9 /var/www/html/1__codeigniter_dev/1__2022/cms/nodcms_v3-2-2c/vendor/codeigniter4/framework/system/CodeIgniter.php(318): CodeIgniter\CodeIgniter->handleRequest()
#10 /var/www/html/1__codeigniter_dev/1__2022/cms/nodcms_v3-2-2c/public/index.php(84): CodeIgniter\CodeIgniter->run()
#11 {main}
CRITICAL - 2022-01-13 18:47:31 --> Unknown column 'auth' in 'where clause'
#0 /var/www/html/1__codeigniter_dev/1__2022/cms/nodcms_v3-2-2c/vendor/codeigniter4/framework/system/Database/MySQLi/Connection.php(292): mysqli->query()
#1 /var/www/html/1__codeigniter_dev/1__2022/cms/nodcms_v3-2-2c/vendor/codeigniter4/framework/system/Database/BaseConnection.php(670): CodeIgniter\Database\MySQLi\Connection->execute()
#2 /var/www/html/1__codeigniter_dev/1__2022/cms/nodcms_v3-2-2c/vendor/codeigniter4/framework/system/Database/BaseConnection.php(598): CodeIgniter\Database\BaseConnection->simpleQuery()
#3 /var/www/html/1__codeigniter_dev/1__2022/cms/nodcms_v3-2-2c/vendor/codeigniter4/framework/system/Database/BaseBuilder.php(1443): CodeIgniter\Database\BaseConnection->query()
#4 /var/www/html/1__codeigniter_dev/1__2022/cms/nodcms_v3-2-2c/nodcms-core/Models/Model.php(251): CodeIgniter\Database\BaseBuilder->get()
#5 /var/www/html/1__codeigniter_dev/1__2022/cms/nodcms_v3-2-2c/nodcms-core/Models/Users.php(151): NodCMS\Core\Models\Model->getOne()
#6 /var/www/html/1__codeigniter_dev/1__2022/cms/nodcms_v3-2-2c/nodcms-users/Controllers/Users.php(346): NodCMS\Core\Models\Users->loginMatch()
#7 /var/www/html/1__codeigniter_dev/1__2022/cms/nodcms_v3-2-2c/vendor/codeigniter4/framework/system/CodeIgniter.php(824): NodCMS\Users\Controllers\Users->login()
#8 /var/www/html/1__codeigniter_dev/1__2022/cms/nodcms_v3-2-2c/vendor/codeigniter4/framework/system/CodeIgniter.php(410): CodeIgniter\CodeIgniter->runController()
#9 /var/www/html/1__codeigniter_dev/1__2022/cms/nodcms_v3-2-2c/vendor/codeigniter4/framework/system/CodeIgniter.php(318): CodeIgniter\CodeIgniter->handleRequest()
#10 /var/www/html/1__codeigniter_dev/1__2022/cms/nodcms_v3-2-2c/public/index.php(84): CodeIgniter\CodeIgniter->run()
#11 {main}
CRITICAL - 2022-01-13 18:47:32 --> Unknown column 'auth' in 'where clause'
#0 /var/www/html/1__codeigniter_dev/1__2022/cms/nodcms_v3-2-2c/vendor/codeigniter4/framework/system/Database/MySQLi/Connection.php(292): mysqli->query()
#1 /var/www/html/1__codeigniter_dev/1__2022/cms/nodcms_v3-2-2c/vendor/codeigniter4/framework/system/Database/BaseConnection.php(670): CodeIgniter\Database\MySQLi\Connection->execute()
#2 /var/www/html/1__codeigniter_dev/1__2022/cms/nodcms_v3-2-2c/vendor/codeigniter4/framework/system/Database/BaseConnection.php(598): CodeIgniter\Database\BaseConnection->simpleQuery()
#3 /var/www/html/1__codeigniter_dev/1__2022/cms/nodcms_v3-2-2c/vendor/codeigniter4/framework/system/Database/BaseBuilder.php(1443): CodeIgniter\Database\BaseConnection->query()
#4 /var/www/html/1__codeigniter_dev/1__2022/cms/nodcms_v3-2-2c/nodcms-core/Models/Model.php(251): CodeIgniter\Database\BaseBuilder->get()
#5 /var/www/html/1__codeigniter_dev/1__2022/cms/nodcms_v3-2-2c/nodcms-core/Models/Users.php(151): NodCMS\Core\Models\Model->getOne()
#6 /var/www/html/1__codeigniter_dev/1__2022/cms/nodcms_v3-2-2c/nodcms-users/Controllers/Users.php(346): NodCMS\Core\Models\Users->loginMatch()
#7 /var/www/html/1__codeigniter_dev/1__2022/cms/nodcms_v3-2-2c/vendor/codeigniter4/framework/system/CodeIgniter.php(824): NodCMS\Users\Controllers\Users->login()
#8 /var/www/html/1__codeigniter_dev/1__2022/cms/nodcms_v3-2-2c/vendor/codeigniter4/framework/system/CodeIgniter.php(410): CodeIgniter\CodeIgniter->runController()
#9 /var/www/html/1__codeigniter_dev/1__2022/cms/nodcms_v3-2-2c/vendor/codeigniter4/framework/system/CodeIgniter.php(318): CodeIgniter\CodeIgniter->handleRequest()
#10 /var/www/html/1__codeigniter_dev/1__2022/cms/nodcms_v3-2-2c/public/index.php(84): CodeIgniter\CodeIgniter->run()
#11 {main}
CRITICAL - 2022-01-13 18:56:40 --> Unknown column 'auth' in 'where clause'
#0 /var/www/html/1__codeigniter_dev/1__2022/cms/nodcms_v3-2-2c/vendor/codeigniter4/framework/system/Database/MySQLi/Connection.php(292): mysqli->query()
#1 /var/www/html/1__codeigniter_dev/1__2022/cms/nodcms_v3-2-2c/vendor/codeigniter4/framework/system/Database/BaseConnection.php(670): CodeIgniter\Database\MySQLi\Connection->execute()
#2 /var/www/html/1__codeigniter_dev/1__2022/cms/nodcms_v3-2-2c/vendor/codeigniter4/framework/system/Database/BaseConnection.php(598): CodeIgniter\Database\BaseConnection->simpleQuery()
#3 /var/www/html/1__codeigniter_dev/1__2022/cms/nodcms_v3-2-2c/vendor/codeigniter4/framework/system/Database/BaseBuilder.php(1443): CodeIgniter\Database\BaseConnection->query()
#4 /var/www/html/1__codeigniter_dev/1__2022/cms/nodcms_v3-2-2c/nodcms-core/Models/Model.php(251): CodeIgniter\Database\BaseBuilder->get()
#5 /var/www/html/1__codeigniter_dev/1__2022/cms/nodcms_v3-2-2c/nodcms-core/Models/Users.php(151): NodCMS\Core\Models\Model->getOne()
#6 /var/www/html/1__codeigniter_dev/1__2022/cms/nodcms_v3-2-2c/nodcms-users/Controllers/Users.php(346): NodCMS\Core\Models\Users->loginMatch()
#7 /var/www/html/1__codeigniter_dev/1__2022/cms/nodcms_v3-2-2c/vendor/codeigniter4/framework/system/CodeIgniter.php(824): NodCMS\Users\Controllers\Users->login()
#8 /var/www/html/1__codeigniter_dev/1__2022/cms/nodcms_v3-2-2c/vendor/codeigniter4/framework/system/CodeIgniter.php(410): CodeIgniter\CodeIgniter->runController()
#9 /var/www/html/1__codeigniter_dev/1__2022/cms/nodcms_v3-2-2c/vendor/codeigniter4/framework/system/CodeIgniter.php(318): CodeIgniter\CodeIgniter->handleRequest()
#10 /var/www/html/1__codeigniter_dev/1__2022/cms/nodcms_v3-2-2c/public/index.php(84): CodeIgniter\CodeIgniter->run()
#11 {main}
CRITICAL - 2022-01-13 18:56:44 --> Unknown column 'auth' in 'where clause'
#0 /var/www/html/1__codeigniter_dev/1__2022/cms/nodcms_v3-2-2c/vendor/codeigniter4/framework/system/Database/MySQLi/Connection.php(292): mysqli->query()
#1 /var/www/html/1__codeigniter_dev/1__2022/cms/nodcms_v3-2-2c/vendor/codeigniter4/framework/system/Database/BaseConnection.php(670): CodeIgniter\Database\MySQLi\Connection->execute()
#2 /var/www/html/1__codeigniter_dev/1__2022/cms/nodcms_v3-2-2c/vendor/codeigniter4/framework/system/Database/BaseConnection.php(598): CodeIgniter\Database\BaseConnection->simpleQuery()
#3 /var/www/html/1__codeigniter_dev/1__2022/cms/nodcms_v3-2-2c/vendor/codeigniter4/framework/system/Database/BaseBuilder.php(1443): CodeIgniter\Database\BaseConnection->query()
#4 /var/www/html/1__codeigniter_dev/1__2022/cms/nodcms_v3-2-2c/nodcms-core/Models/Model.php(251): CodeIgniter\Database\BaseBuilder->get()
#5 /var/www/html/1__codeigniter_dev/1__2022/cms/nodcms_v3-2-2c/nodcms-core/Models/Users.php(151): NodCMS\Core\Models\Model->getOne()
#6 /var/www/html/1__codeigniter_dev/1__2022/cms/nodcms_v3-2-2c/nodcms-users/Controllers/Users.php(346): NodCMS\Core\Models\Users->loginMatch()
#7 /var/www/html/1__codeigniter_dev/1__2022/cms/nodcms_v3-2-2c/vendor/codeigniter4/framework/system/CodeIgniter.php(824): NodCMS\Users\Controllers\Users->login()
#8 /var/www/html/1__codeigniter_dev/1__2022/cms/nodcms_v3-2-2c/vendor/codeigniter4/framework/system/CodeIgniter.php(410): CodeIgniter\CodeIgniter->runController()
#9 /var/www/html/1__codeigniter_dev/1__2022/cms/nodcms_v3-2-2c/vendor/codeigniter4/framework/system/CodeIgniter.php(318): CodeIgniter\CodeIgniter->handleRequest()
#10 /var/www/html/1__codeigniter_dev/1__2022/cms/nodcms_v3-2-2c/public/index.php(84): CodeIgniter\CodeIgniter->run()
#11 {main}
CRITICAL - 2022-01-13 18:57:09 --> The action you requested is not allowed.
#0 /var/www/html/1__codeigniter_dev/1__2022/cms/nodcms_v3-2-2c/vendor/codeigniter4/framework/system/Security/Security.php(277): CodeIgniter\Security\Exceptions\SecurityException::forDisallowedAction()
#1 /var/www/html/1__codeigniter_dev/1__2022/cms/nodcms_v3-2-2c/vendor/codeigniter4/framework/system/Filters/CSRF.php(53): CodeIgniter\Security\Security->verify()
#2 /var/www/html/1__codeigniter_dev/1__2022/cms/nodcms_v3-2-2c/vendor/codeigniter4/framework/system/Filters/Filters.php(173): CodeIgniter\Filters\CSRF->before()
#3 /var/www/html/1__codeigniter_dev/1__2022/cms/nodcms_v3-2-2c/vendor/codeigniter4/framework/system/CodeIgniter.php(384): CodeIgniter\Filters\Filters->run()
#4 /var/www/html/1__codeigniter_dev/1__2022/cms/nodcms_v3-2-2c/vendor/codeigniter4/framework/system/CodeIgniter.php(318): CodeIgniter\CodeIgniter->handleRequest()
#5 /var/www/html/1__codeigniter_dev/1__2022/cms/nodcms_v3-2-2c/public/index.php(84): CodeIgniter\CodeIgniter->run()
#6 {main}
CRITICAL - 2022-01-13 18:57:14 --> The action you requested is not allowed.
#0 /var/www/html/1__codeigniter_dev/1__2022/cms/nodcms_v3-2-2c/vendor/codeigniter4/framework/system/Security/Security.php(277): CodeIgniter\Security\Exceptions\SecurityException::forDisallowedAction()
#1 /var/www/html/1__codeigniter_dev/1__2022/cms/nodcms_v3-2-2c/vendor/codeigniter4/framework/system/Filters/CSRF.php(53): CodeIgniter\Security\Security->verify()
#2 /var/www/html/1__codeigniter_dev/1__2022/cms/nodcms_v3-2-2c/vendor/codeigniter4/framework/system/Filters/Filters.php(173): CodeIgniter\Filters\CSRF->before()
#3 /var/www/html/1__codeigniter_dev/1__2022/cms/nodcms_v3-2-2c/vendor/codeigniter4/framework/system/CodeIgniter.php(384): CodeIgniter\Filters\Filters->run()
#4 /var/www/html/1__codeigniter_dev/1__2022/cms/nodcms_v3-2-2c/vendor/codeigniter4/framework/system/CodeIgniter.php(318): CodeIgniter\CodeIgniter->handleRequest()
#5 /var/www/html/1__codeigniter_dev/1__2022/cms/nodcms_v3-2-2c/public/index.php(84): CodeIgniter\CodeIgniter->run()
#6 {main}
CRITICAL - 2022-01-13 18:57:15 --> The action you requested is not allowed.
#0 /var/www/html/1__codeigniter_dev/1__2022/cms/nodcms_v3-2-2c/vendor/codeigniter4/framework/system/Security/Security.php(277): CodeIgniter\Security\Exceptions\SecurityException::forDisallowedAction()
#1 /var/www/html/1__codeigniter_dev/1__2022/cms/nodcms_v3-2-2c/vendor/codeigniter4/framework/system/Filters/CSRF.php(53): CodeIgniter\Security\Security->verify()
#2 /var/www/html/1__codeigniter_dev/1__2022/cms/nodcms_v3-2-2c/vendor/codeigniter4/framework/system/Filters/Filters.php(173): CodeIgniter\Filters\CSRF->before()
#3 /var/www/html/1__codeigniter_dev/1__2022/cms/nodcms_v3-2-2c/vendor/codeigniter4/framework/system/CodeIgniter.php(384): CodeIgniter\Filters\Filters->run()
#4 /var/www/html/1__codeigniter_dev/1__2022/cms/nodcms_v3-2-2c/vendor/codeigniter4/framework/system/CodeIgniter.php(318): CodeIgniter\CodeIgniter->handleRequest()
#5 /var/www/html/1__codeigniter_dev/1__2022/cms/nodcms_v3-2-2c/public/index.php(84): CodeIgniter\CodeIgniter->run()
#6 {main}
CRITICAL - 2022-01-13 18:57:54 --> The action you requested is not allowed.
#0 /var/www/html/1__codeigniter_dev/1__2022/cms/nodcms_v3-2-2c/vendor/codeigniter4/framework/system/Security/Security.php(277): CodeIgniter\Security\Exceptions\SecurityException::forDisallowedAction()
#1 /var/www/html/1__codeigniter_dev/1__2022/cms/nodcms_v3-2-2c/vendor/codeigniter4/framework/system/Filters/CSRF.php(53): CodeIgniter\Security\Security->verify()
#2 /var/www/html/1__codeigniter_dev/1__2022/cms/nodcms_v3-2-2c/vendor/codeigniter4/framework/system/Filters/Filters.php(173): CodeIgniter\Filters\CSRF->before()
#3 /var/www/html/1__codeigniter_dev/1__2022/cms/nodcms_v3-2-2c/vendor/codeigniter4/framework/system/CodeIgniter.php(384): CodeIgniter\Filters\Filters->run()
#4 /var/www/html/1__codeigniter_dev/1__2022/cms/nodcms_v3-2-2c/vendor/codeigniter4/framework/system/CodeIgniter.php(318): CodeIgniter\CodeIgniter->handleRequest()
#5 /var/www/html/1__codeigniter_dev/1__2022/cms/nodcms_v3-2-2c/public/index.php(84): CodeIgniter\CodeIgniter->run()
#6 {main}
CRITICAL - 2022-01-13 18:57:58 --> The action you requested is not allowed.
#0 /var/www/html/1__codeigniter_dev/1__2022/cms/nodcms_v3-2-2c/vendor/codeigniter4/framework/system/Security/Security.php(277): CodeIgniter\Security\Exceptions\SecurityException::forDisallowedAction()
#1 /var/www/html/1__codeigniter_dev/1__2022/cms/nodcms_v3-2-2c/vendor/codeigniter4/framework/system/Filters/CSRF.php(53): CodeIgniter\Security\Security->verify()
#2 /var/www/html/1__codeigniter_dev/1__2022/cms/nodcms_v3-2-2c/vendor/codeigniter4/framework/system/Filters/Filters.php(173): CodeIgniter\Filters\CSRF->before()
#3 /var/www/html/1__codeigniter_dev/1__2022/cms/nodcms_v3-2-2c/vendor/codeigniter4/framework/system/CodeIgniter.php(384): CodeIgniter\Filters\Filters->run()
#4 /var/www/html/1__codeigniter_dev/1__2022/cms/nodcms_v3-2-2c/vendor/codeigniter4/framework/system/CodeIgniter.php(318): CodeIgniter\CodeIgniter->handleRequest()
#5 /var/www/html/1__codeigniter_dev/1__2022/cms/nodcms_v3-2-2c/public/index.php(84): CodeIgniter\CodeIgniter->run()
#6 {main}
CRITICAL - 2022-01-13 18:58:14 --> The action you requested is not allowed.
#0 /var/www/html/1__codeigniter_dev/1__2022/cms/nodcms_v3-2-2c/vendor/codeigniter4/framework/system/Security/Security.php(277): CodeIgniter\Security\Exceptions\SecurityException::forDisallowedAction()
#1 /var/www/html/1__codeigniter_dev/1__2022/cms/nodcms_v3-2-2c/vendor/codeigniter4/framework/system/Filters/CSRF.php(53): CodeIgniter\Security\Security->verify()
#2 /var/www/html/1__codeigniter_dev/1__2022/cms/nodcms_v3-2-2c/vendor/codeigniter4/framework/system/Filters/Filters.php(173): CodeIgniter\Filters\CSRF->before()
#3 /var/www/html/1__codeigniter_dev/1__2022/cms/nodcms_v3-2-2c/vendor/codeigniter4/framework/system/CodeIgniter.php(384): CodeIgniter\Filters\Filters->run()
#4 /var/www/html/1__codeigniter_dev/1__2022/cms/nodcms_v3-2-2c/vendor/codeigniter4/framework/system/CodeIgniter.php(318): CodeIgniter\CodeIgniter->handleRequest()
#5 /var/www/html/1__codeigniter_dev/1__2022/cms/nodcms_v3-2-2c/public/index.php(84): CodeIgniter\CodeIgniter->run()
#6 {main}
CRITICAL - 2022-01-13 18:58:24 --> The action you requested is not allowed.
#0 /var/www/html/1__codeigniter_dev/1__2022/cms/nodcms_v3-2-2c/vendor/codeigniter4/framework/system/Security/Security.php(277): CodeIgniter\Security\Exceptions\SecurityException::forDisallowedAction()
#1 /var/www/html/1__codeigniter_dev/1__2022/cms/nodcms_v3-2-2c/vendor/codeigniter4/framework/system/Filters/CSRF.php(53): CodeIgniter\Security\Security->verify()
#2 /var/www/html/1__codeigniter_dev/1__2022/cms/nodcms_v3-2-2c/vendor/codeigniter4/framework/system/Filters/Filters.php(173): CodeIgniter\Filters\CSRF->before()
#3 /var/www/html/1__codeigniter_dev/1__2022/cms/nodcms_v3-2-2c/vendor/codeigniter4/framework/system/CodeIgniter.php(384): CodeIgniter\Filters\Filters->run()
#4 /var/www/html/1__codeigniter_dev/1__2022/cms/nodcms_v3-2-2c/vendor/codeigniter4/framework/system/CodeIgniter.php(318): CodeIgniter\CodeIgniter->handleRequest()
#5 /var/www/html/1__codeigniter_dev/1__2022/cms/nodcms_v3-2-2c/public/index.php(84): CodeIgniter\CodeIgniter->run()
#6 {main}
CRITICAL - 2022-01-13 18:59:46 --> The action you requested is not allowed.
#0 /var/www/html/1__codeigniter_dev/1__2022/cms/nodcms_v3-2-2c/vendor/codeigniter4/framework/system/Security/Security.php(277): CodeIgniter\Security\Exceptions\SecurityException::forDisallowedAction()
#1 /var/www/html/1__codeigniter_dev/1__2022/cms/nodcms_v3-2-2c/vendor/codeigniter4/framework/system/Filters/CSRF.php(53): CodeIgniter\Security\Security->verify()
#2 /var/www/html/1__codeigniter_dev/1__2022/cms/nodcms_v3-2-2c/vendor/codeigniter4/framework/system/Filters/Filters.php(173): CodeIgniter\Filters\CSRF->before()
#3 /var/www/html/1__codeigniter_dev/1__2022/cms/nodcms_v3-2-2c/vendor/codeigniter4/framework/system/CodeIgniter.php(384): CodeIgniter\Filters\Filters->run()
#4 /var/www/html/1__codeigniter_dev/1__2022/cms/nodcms_v3-2-2c/vendor/codeigniter4/framework/system/CodeIgniter.php(318): CodeIgniter\CodeIgniter->handleRequest()
#5 /var/www/html/1__codeigniter_dev/1__2022/cms/nodcms_v3-2-2c/public/index.php(84): CodeIgniter\CodeIgniter->run()
#6 {main}
CRITICAL - 2022-01-13 18:59:48 --> The action you requested is not allowed.
#0 /var/www/html/1__codeigniter_dev/1__2022/cms/nodcms_v3-2-2c/vendor/codeigniter4/framework/system/Security/Security.php(277): CodeIgniter\Security\Exceptions\SecurityException::forDisallowedAction()
#1 /var/www/html/1__codeigniter_dev/1__2022/cms/nodcms_v3-2-2c/vendor/codeigniter4/framework/system/Filters/CSRF.php(53): CodeIgniter\Security\Security->verify()
#2 /var/www/html/1__codeigniter_dev/1__2022/cms/nodcms_v3-2-2c/vendor/codeigniter4/framework/system/Filters/Filters.php(173): CodeIgniter\Filters\CSRF->before()
#3 /var/www/html/1__codeigniter_dev/1__2022/cms/nodcms_v3-2-2c/vendor/codeigniter4/framework/system/CodeIgniter.php(384): CodeIgniter\Filters\Filters->run()
#4 /var/www/html/1__codeigniter_dev/1__2022/cms/nodcms_v3-2-2c/vendor/codeigniter4/framework/system/CodeIgniter.php(318): CodeIgniter\CodeIgniter->handleRequest()
#5 /var/www/html/1__codeigniter_dev/1__2022/cms/nodcms_v3-2-2c/public/index.php(84): CodeIgniter\CodeIgniter->run()
#6 {main}
